Rust 编译失败:
error[E0432]: unresolved import `lazy_static`
 --> C:\Users\muzhi\Desktop\C_Rust_BETA\temp_main.rs:2:5
  |
2 | use lazy_static::lazy_static;
  |     ^^^^^^^^^^^ maybe a missing crate `lazy_static`?
  |
  = help: consider adding `extern crate lazy_static` to use the `lazy_static` crate

error[E0425]: cannot find value `GRID` in this scope
  --> C:\Users\muzhi\Desktop\C_Rust_BETA\temp_main.rs:18:20
   |
18 |     let mut grid = GRID.lock().expect("Failed to lock GRID");
   |                    ^^^^ not found in this scope

error[E0425]: cannot find value `W` in this scope
  --> C:\Users\muzhi\Desktop\C_Rust_BETA\temp_main.rs:19:14
   |
19 |     let w = *W.read().expect("Failed to read W");
   |              ^
   |
help: a local variable with a similar name exists
   |
19 |     let w = *x.read().expect("Failed to read W");
   |              ~
help: you might be missing a const parameter
   |
17 | fn walk<const W: /* Type */>(y: i32, x: i32) {
   |        +++++++++++++++++++++

error[E0425]: cannot find value `H` in this scope
  --> C:\Users\muzhi\Desktop\C_Rust_BETA\temp_main.rs:20:14
   |
20 |     let h = *H.read().expect("Failed to read H");
   |              ^
   |
help: a local variable with a similar name exists
   |
20 |     let h = *w.read().expect("Failed to read H");
   |              ~
help: you might be missing a const parameter
   |
17 | fn walk<const H: /* Type */>(y: i32, x: i32) {
   |        +++++++++++++++++++++

error[E0425]: cannot find value `LEN` in this scope
  --> C:\Users\muzhi\Desktop\C_Rust_BETA\temp_main.rs:21:16
   |
21 |     let len = *LEN.read().expect("Failed to read LEN");
   |                ^^^ not found in this scope

error[E0425]: cannot find value `CNT` in this scope
  --> C:\Users\muzhi\Desktop\C_Rust_BETA\temp_main.rs:22:19
   |
22 |     let mut cnt = CNT.lock().expect("Failed to lock CNT");
   |                   ^^^ not found in this scope

error[E0425]: cannot find value `NEXT` in this scope
  --> C:\Users\muzhi\Desktop\C_Rust_BETA\temp_main.rs:34:22
   |
34 |         if grid[(t + NEXT[i]) as usize] == 0 {
   |                      ^^^^ not found in this scope

error[E0425]: cannot find value `W` in this scope
  --> C:\Users\muzhi\Desktop\C_Rust_BETA\temp_main.rs:48:6
   |
48 |     *W.write().expect("Failed to write W") = ww;
   |      ^
   |
help: a local variable with a similar name exists
   |
48 |     *t.write().expect("Failed to write W") = ww;
   |      ~
help: you might be missing a const parameter
   |
43 | fn solve<const W: /* Type */>(hh: i32, ww: i32, recur: bool) -> u64 {
   |         +++++++++++++++++++++

error[E0425]: cannot find value `H` in this scope
  --> C:\Users\muzhi\Desktop\C_Rust_BETA\temp_main.rs:49:6
   |
49 |     *H.write().expect("Failed to write H") = hh;
   |      ^
   |
help: a local variable with a similar name exists
   |
49 |     *t.write().expect("Failed to write H") = hh;
   |      ~
help: you might be missing a const parameter
   |
43 | fn solve<const H: /* Type */>(hh: i32, ww: i32, recur: bool) -> u64 {
   |         +++++++++++++++++++++

error[E0425]: cannot find value `W` in this scope
  --> C:\Users\muzhi\Desktop\C_Rust_BETA\temp_main.rs:53:10
   |
53 |         *W.write().expect("Failed to write W") = hh;
   |          ^
   |
help: a local variable with a similar name exists
   |
53 |         *t.write().expect("Failed to write W") = hh;
   |          ~
help: you might be missing a const parameter
   |
43 | fn solve<const W: /* Type */>(hh: i32, ww: i32, recur: bool) -> u64 {
   |         +++++++++++++++++++++

error[E0425]: cannot find value `H` in this scope
  --> C:\Users\muzhi\Desktop\C_Rust_BETA\temp_main.rs:54:10
   |
54 |         *H.write().expect("Failed to write H") = t;
   |          ^
   |
help: a local variable with a similar name exists
   |
54 |         *t.write().expect("Failed to write H") = t;
   |          ~
help: you might be missing a const parameter
   |
43 | fn solve<const H: /* Type */>(hh: i32, ww: i32, recur: bool) -> u64 {
   |         +++++++++++++++++++++

error[E0425]: cannot find value `H` in this scope
  --> C:\Users\muzhi\Desktop\C_Rust_BETA\temp_main.rs:56:9
   |
56 |     if *H.read().expect("Failed to read H") & 1 != 0 {
   |         ^
   |
help: a local variable with a similar name exists
   |
56 |     if *t.read().expect("Failed to read H") & 1 != 0 {
   |         ~
help: you might be missing a const parameter
   |
43 | fn solve<const H: /* Type */>(hh: i32, ww: i32, recur: bool) -> u64 {
   |         +++++++++++++++++++++

error[E0425]: cannot find value `W` in this scope
  --> C:\Users\muzhi\Desktop\C_Rust_BETA\temp_main.rs:59:9
   |
59 |     if *W.read().expect("Failed to read W") == 1 {
   |         ^
   |
help: a local variable with a similar name exists
   |
59 |     if *t.read().expect("Failed to read W") == 1 {
   |         ~
help: you might be missing a const parameter
   |
43 | fn solve<const W: /* Type */>(hh: i32, ww: i32, recur: bool) -> u64 {
   |         +++++++++++++++++++++

error[E0425]: cannot find value `W` in this scope
  --> C:\Users\muzhi\Desktop\C_Rust_BETA\temp_main.rs:62:9
   |
62 |     if *W.read().expect("Failed to read W") == 2 {
   |         ^
   |
help: a local variable with a similar name exists
   |
62 |     if *t.read().expect("Failed to read W") == 2 {
   |         ~
help: you might be missing a const parameter
   |
43 | fn solve<const W: /* Type */>(hh: i32, ww: i32, recur: bool) -> u64 {
   |         +++++++++++++++++++++

error[E0425]: cannot find value `H` in this scope
  --> C:\Users\muzhi\Desktop\C_Rust_BETA\temp_main.rs:63:17
   |
63 |         return *H.read().expect("Failed to read H") as u64;
   |                 ^
   |
help: a local variable with a similar name exists
   |
63 |         return *t.read().expect("Failed to read H") as u64;
   |                 ~
help: you might be missing a const parameter
   |
43 | fn solve<const H: /* Type */>(hh: i32, ww: i32, recur: bool) -> u64 {
   |         +++++++++++++++++++++

error[E0425]: cannot find value `H` in this scope
  --> C:\Users\muzhi\Desktop\C_Rust_BETA\temp_main.rs:65:9
   |
65 |     if *H.read().expect("Failed to read H") == 2 {
   |         ^
   |
help: a local variable with a similar name exists
   |
65 |     if *t.read().expect("Failed to read H") == 2 {
   |         ~
help: you might be missing a const parameter
   |
43 | fn solve<const H: /* Type */>(hh: i32, ww: i32, recur: bool) -> u64 {
   |         +++++++++++++++++++++

error[E0425]: cannot find value `W` in this scope
  --> C:\Users\muzhi\Desktop\C_Rust_BETA\temp_main.rs:66:17
   |
66 |         return *W.read().expect("Failed to read W") as u64;
   |                 ^
   |
help: a local variable with a similar name exists
   |
66 |         return *t.read().expect("Failed to read W") as u64;
   |                 ~
help: you might be missing a const parameter
   |
43 | fn solve<const W: /* Type */>(hh: i32, ww: i32, recur: bool) -> u64 {
   |         +++++++++++++++++++++

error[E0425]: cannot find value `H` in this scope
  --> C:\Users\muzhi\Desktop\C_Rust_BETA\temp_main.rs:69:11
   |
69 |     cy = *H.read().expect("Failed to read H") / 2;
   |           ^
   |
help: a local variable with a similar name exists
   |
69 |     cy = *t.read().expect("Failed to read H") / 2;
   |           ~
help: you might be missing a const parameter
   |
43 | fn solve<const H: /* Type */>(hh: i32, ww: i32, recur: bool) -> u64 {
   |         +++++++++++++++++++++

error[E0425]: cannot find value `W` in this scope
  --> C:\Users\muzhi\Desktop\C_Rust_BETA\temp_main.rs:70:11
   |
70 |     cx = *W.read().expect("Failed to read W") / 2;
   |           ^
   |
help: a local variable with a similar name exists
   |
70 |     cx = *t.read().expect("Failed to read W") / 2;
   |           ~
help: you might be missing a const parameter
   |
43 | fn solve<const W: /* Type */>(hh: i32, ww: i32, recur: bool) -> u64 {
   |         +++++++++++++++++++++

error[E0425]: cannot find value `LEN` in this scope
  --> C:\Users\muzhi\Desktop\C_Rust_BETA\temp_main.rs:72:6
   |
72 |     *LEN.write().expect("Failed to write LEN") = (*H.read().expect("Failed to read H") + 1) * (*W.read().expect("Failed to read W") + 1);
   |      ^^^ not found in this scope

error[E0425]: cannot find value `H` in this scope
  --> C:\Users\muzhi\Desktop\C_Rust_BETA\temp_main.rs:72:52
   |
72 |     *LEN.write().expect("Failed to write LEN") = (*H.read().expect("Failed to read H") + 1) * (*W.read().expect("Failed to read W") + 1);
   |                                                    ^
   |
help: a local variable with a similar name exists
   |
72 |     *LEN.write().expect("Failed to write LEN") = (*t.read().expect("Failed to read H") + 1) * (*W.read().expect("Failed to read W") + 1);
   |                                                    ~
help: you might be missing a const parameter
   |
43 | fn solve<const H: /* Type */>(hh: i32, ww: i32, recur: bool) -> u64 {
   |         +++++++++++++++++++++

error[E0425]: cannot find value `W` in this scope
  --> C:\Users\muzhi\Desktop\C_Rust_BETA\temp_main.rs:72:97
   |
72 |     *LEN.write().expect("Failed to write LEN") = (*H.read().expect("Failed to read H") + 1) * (*W.read().expect("Failed to read W") + 1);
   |                                                                                                 ^
   |
help: a local variable with a similar name exists
   |
72 |     *LEN.write().expect("Failed to write LEN") = (*H.read().expect("Failed to read H") + 1) * (*t.read().expect("Failed to read W") + 1);
   |                                                                                                 ~
help: you might be missing a const parameter
   |
43 | fn solve<const W: /* Type */>(hh: i32, ww: i32, recur: bool) -> u64 {
   |         +++++++++++++++++++++

error[E0425]: cannot find value `GRID` in this scope
  --> C:\Users\muzhi\Desktop\C_Rust_BETA\temp_main.rs:73:20
   |
73 |     let mut grid = GRID.lock().expect("Failed to lock GRID");
   |                    ^^^^ not found in this scope

error[E0425]: cannot find value `LEN` in this scope
  --> C:\Users\muzhi\Desktop\C_Rust_BETA\temp_main.rs:74:18
   |
74 |     grid.resize(*LEN.read().expect("Failed to read LEN") as usize, 0);
   |                  ^^^ not found in this scope

error[E0425]: cannot find value `LEN` in this scope
  --> C:\Users\muzhi\Desktop\C_Rust_BETA\temp_main.rs:75:6
   |
75 |     *LEN.write().expect("Failed to write LEN") -= 1;
   |      ^^^ not found in this scope

error[E0425]: cannot find value `CNT` in this scope
  --> C:\Users\muzhi\Desktop\C_Rust_BETA\temp_main.rs:78:10
   |
78 |         *CNT.lock().expect("Failed to lock CNT") = 0;
   |          ^^^ not found in this scope

error[E0425]: cannot find value `W` in this scope
  --> C:\Users\muzhi\Desktop\C_Rust_BETA\temp_main.rs:80:23
   |
80 |     for x in cx + 1..*W.read().expect("Failed to read W") {
   |                       ^
   |
help: a local variable with a similar name exists
   |
80 |     for x in cx + 1..*t.read().expect("Failed to read W") {
   |                       ~
help: you might be missing a const parameter
   |
43 | fn solve<const W: /* Type */>(hh: i32, ww: i32, recur: bool) -> u64 {
   |         +++++++++++++++++++++

error[E0425]: cannot find value `W` in this scope
  --> C:\Users\muzhi\Desktop\C_Rust_BETA\temp_main.rs:81:20
   |
81 |         t = cy * (*W.read().expect("Failed to read W") + 1) + x;
   |                    ^
   |
help: a local variable with a similar name exists
   |
81 |         t = cy * (*t.read().expect("Failed to read W") + 1) + x;
   |                    ~
help: you might be missing a const parameter
   |
43 | fn solve<const W: /* Type */>(hh: i32, ww: i32, recur: bool) -> u64 {
   |         +++++++++++++++++++++

error[E0425]: cannot find value `LEN` in this scope
  --> C:\Users\muzhi\Desktop\C_Rust_BETA\temp_main.rs:83:16
   |
83 |         grid[(*LEN.read().expect("Failed to read LEN") - t) as usize] = 1;
   |                ^^^ not found in this scope

error[E0425]: cannot find value `CNT` in this scope
  --> C:\Users\muzhi\Desktop\C_Rust_BETA\temp_main.rs:86:6
   |
86 |     *CNT.lock().expect("Failed to lock CNT") += 1;
   |      ^^^ not found in this scope

error[E0425]: cannot find value `H` in this scope
  --> C:\Users\muzhi\Desktop\C_Rust_BETA\temp_main.rs:88:9
   |
88 |     if *H.read().expect("Failed to read H") == *W.read().expect("Failed to read W") {
   |         ^
   |
help: a local variable with a similar name exists
   |
88 |     if *t.read().expect("Failed to read H") == *W.read().expect("Failed to read W") {
   |         ~
help: you might be missing a const parameter
   |
43 | fn solve<const H: /* Type */>(hh: i32, ww: i32, recur: bool) -> u64 {
   |         +++++++++++++++++++++

error[E0425]: cannot find value `W` in this scope
  --> C:\Users\muzhi\Desktop\C_Rust_BETA\temp_main.rs:88:49
   |
88 |     if *H.read().expect("Failed to read H") == *W.read().expect("Failed to read W") {
   |                                                 ^
   |
help: a local variable with a similar name exists
   |
88 |     if *H.read().expect("Failed to read H") == *t.read().expect("Failed to read W") {
   |                                                 ~
help: you might be missing a const parameter
   |
43 | fn solve<const W: /* Type */>(hh: i32, ww: i32, recur: bool) -> u64 {
   |         +++++++++++++++++++++

error[E0425]: cannot find value `CNT` in this scope
  --> C:\Users\muzhi\Desktop\C_Rust_BETA\temp_main.rs:89:10
   |
89 |         *CNT.lock().expect("Failed to lock CNT") *= 2;
   |          ^^^ not found in this scope

error[E0425]: cannot find value `W` in this scope
  --> C:\Users\muzhi\Desktop\C_Rust_BETA\temp_main.rs:90:16
   |
90 |     } else if *W.read().expect("Failed to read W") & 1 == 0 && recur {
   |                ^
   |
help: a local variable with a similar name exists
   |
90 |     } else if *t.read().expect("Failed to read W") & 1 == 0 && recur {
   |                ~
help: you might be missing a const parameter
   |
43 | fn solve<const W: /* Type */>(hh: i32, ww: i32, recur: bool) -> u64 {
   |         +++++++++++++++++++++

error[E0425]: cannot find value `W` in this scope
  --> C:\Users\muzhi\Desktop\C_Rust_BETA\temp_main.rs:91:16
   |
91 |         solve(*W.read().expect("Failed to read W"), *H.read().expect("Failed to read H"), false);
   |                ^
   |
help: a local variable with a similar name exists
   |
91 |         solve(*t.read().expect("Failed to read W"), *H.read().expect("Failed to read H"), false);
   |                ~
help: you might be missing a const parameter
   |
43 | fn solve<const W: /* Type */>(hh: i32, ww: i32, recur: bool) -> u64 {
   |         +++++++++++++++++++++

error[E0425]: cannot find value `H` in this scope
  --> C:\Users\muzhi\Desktop\C_Rust_BETA\temp_main.rs:91:54
   |
91 |         solve(*W.read().expect("Failed to read W"), *H.read().expect("Failed to read H"), false);
   |                                                      ^
   |
help: a local variable with a similar name exists
   |
91 |         solve(*W.read().expect("Failed to read W"), *t.read().expect("Failed to read H"), false);
   |                                                      ~
help: you might be missing a const parameter
   |
43 | fn solve<const H: /* Type */>(hh: i32, ww: i32, recur: bool) -> u64 {
   |         +++++++++++++++++++++

error[E0425]: cannot find value `CNT` in this scope
  --> C:\Users\muzhi\Desktop\C_Rust_BETA\temp_main.rs:94:6
   |
94 |     *CNT.lock().expect("Failed to lock CNT")
   |      ^^^ not found in this scope

warning: unused imports: `Mutex` and `RwLock`
 --> C:\Users\muzhi\Desktop\C_Rust_BETA\temp_main.rs:1:17
  |
1 | use std::sync::{Mutex, RwLock};
  |                 ^^^^^  ^^^^^^
  |
  = note: `#[warn(unused_imports)]` on by default

error: aborting due to 37 previous errors; 1 warning emitted

Some errors have detailed explanations: E0425, E0432.
For more information about an error, try `rustc --explain E0425`.
