Rust 编译失败:
error[E0425]: cannot find value `i` in this scope
  --> C:\Users\muzhi\Desktop\C_Rust_BETA\temp_main.rs:56:20
   |
56 |     for_ij!(n, { x[i][j] = 0.0; })
   |                    ^ help: a local variable with a similar name exists: `n`

error[E0425]: cannot find value `j` in this scope
  --> C:\Users\muzhi\Desktop\C_Rust_BETA\temp_main.rs:56:23
   |
56 |     for_ij!(n, { x[i][j] = 0.0; })
   |                       ^ help: a local variable with a similar name exists: `n`

error[E0425]: cannot find value `i` in this scope
  --> C:\Users\muzhi\Desktop\C_Rust_BETA\temp_main.rs:67:20
   |
67 |     for_ij!(n, { x[i][j] = s[i][j]; });
   |                    ^ help: a local variable with a similar name exists: `n`

error[E0425]: cannot find value `j` in this scope
  --> C:\Users\muzhi\Desktop\C_Rust_BETA\temp_main.rs:67:23
   |
67 |     for_ij!(n, { x[i][j] = s[i][j]; });
   |                       ^ help: a local variable with a similar name exists: `n`

error[E0425]: cannot find value `i` in this scope
  --> C:\Users\muzhi\Desktop\C_Rust_BETA\temp_main.rs:67:30
   |
67 |     for_ij!(n, { x[i][j] = s[i][j]; });
   |                              ^ help: a local variable with a similar name exists: `n`

error[E0425]: cannot find value `j` in this scope
  --> C:\Users\muzhi\Desktop\C_Rust_BETA\temp_main.rs:67:33
   |
67 |     for_ij!(n, { x[i][j] = s[i][j]; });
   |                                 ^ help: a local variable with a similar name exists: `n`

error[E0425]: cannot find value `i` in this scope
  --> C:\Users\muzhi\Desktop\C_Rust_BETA\temp_main.rs:76:12
   |
76 |         if i > 0 {
   |            ^ help: a local variable with a similar name exists: `n`

error[E0425]: cannot find value `i` in this scope
  --> C:\Users\muzhi\Desktop\C_Rust_BETA\temp_main.rs:83:42
   |
83 |             print!("{}", format!("{}", x[i][j]));
   |                                          ^ help: a local variable with a similar name exists: `n`

error[E0425]: cannot find value `j` in this scope
  --> C:\Users\muzhi\Desktop\C_Rust_BETA\temp_main.rs:83:45
   |
83 |             print!("{}", format!("{}", x[i][j]));
   |                                             ^ help: a local variable with a similar name exists: `n`

error[E0425]: cannot find value `j` in this scope
  --> C:\Users\muzhi\Desktop\C_Rust_BETA\temp_main.rs:84:16
   |
84 |             if j < n - 1 {
   |                ^ help: a local variable with a similar name exists: `n`

error[E0425]: cannot find value `i` in this scope
  --> C:\Users\muzhi\Desktop\C_Rust_BETA\temp_main.rs:86:23
   |
86 |             } else if i == n - 1 {
   |                       ^ help: a local variable with a similar name exists: `n`

error[E0425]: cannot find value `i` in this scope
  --> C:\Users\muzhi\Desktop\C_Rust_BETA\temp_main.rs:97:21
   |
97 |     for_ijk!(n, { c[i][j] += a[i][k] * b[k][j]; });
   |                     ^ help: a local variable with a similar name exists: `a`

error[E0425]: cannot find value `j` in this scope
  --> C:\Users\muzhi\Desktop\C_Rust_BETA\temp_main.rs:97:24
   |
97 |     for_ijk!(n, { c[i][j] += a[i][k] * b[k][j]; });
   |                        ^ help: a local variable with a similar name exists: `a`

error[E0425]: cannot find value `i` in this scope
  --> C:\Users\muzhi\Desktop\C_Rust_BETA\temp_main.rs:97:32
   |
97 |     for_ijk!(n, { c[i][j] += a[i][k] * b[k][j]; });
   |                                ^ help: a local variable with a similar name exists: `a`

error[E0425]: cannot find value `k` in this scope
  --> C:\Users\muzhi\Desktop\C_Rust_BETA\temp_main.rs:97:35
   |
97 |     for_ijk!(n, { c[i][j] += a[i][k] * b[k][j]; });
   |                                   ^ help: a tuple variant with a similar name exists: `Ok`
  --> /rustc/eeb90cda1969383f56a2637cbd3037bdf598841c\library\core\src\result.rs:531:5
   |
   = note: similarly named tuple variant `Ok` defined here

error[E0425]: cannot find value `k` in this scope
  --> C:\Users\muzhi\Desktop\C_Rust_BETA\temp_main.rs:97:42
   |
97 |     for_ijk!(n, { c[i][j] += a[i][k] * b[k][j]; });
   |                                          ^ help: a tuple variant with a similar name exists: `Ok`
  --> /rustc/eeb90cda1969383f56a2637cbd3037bdf598841c\library\core\src\result.rs:531:5
   |
   = note: similarly named tuple variant `Ok` defined here

error[E0425]: cannot find value `j` in this scope
  --> C:\Users\muzhi\Desktop\C_Rust_BETA\temp_main.rs:97:45
   |
97 |     for_ijk!(n, { c[i][j] += a[i][k] * b[k][j]; });
   |                                             ^ help: a local variable with a similar name exists: `a`

error[E0425]: cannot find value `i` in this scope
   --> C:\Users\muzhi\Desktop\C_Rust_BETA\temp_main.rs:102:20
    |
102 |     for_ij!(n, { p[i][j] = if i == j { 1.0 } else { 0.0 }; });
    |                    ^ help: a local variable with a similar name exists: `a`

error[E0425]: cannot find value `j` in this scope
   --> C:\Users\muzhi\Desktop\C_Rust_BETA\temp_main.rs:102:23
    |
102 |     for_ij!(n, { p[i][j] = if i == j { 1.0 } else { 0.0 }; });
    |                       ^ help: a local variable with a similar name exists: `a`

error[E0425]: cannot find value `i` in this scope
   --> C:\Users\muzhi\Desktop\C_Rust_BETA\temp_main.rs:102:31
    |
102 |     for_ij!(n, { p[i][j] = if i == j { 1.0 } else { 0.0 }; });
    |                               ^ help: a local variable with a similar name exists: `a`

error[E0425]: cannot find value `j` in this scope
   --> C:\Users\muzhi\Desktop\C_Rust_BETA\temp_main.rs:102:36
    |
102 |     for_ij!(n, { p[i][j] = if i == j { 1.0 } else { 0.0 }; });
    |                                    ^ help: a local variable with a similar name exists: `a`

error[E0425]: cannot find value `i` in this scope
   --> C:\Users\muzhi\Desktop\C_Rust_BETA\temp_main.rs:104:25
    |
104 |         let mut max_j = i; // Modified: Define `max_j` before using it
    |                         ^ help: a local variable with a similar name exists: `a`

error[E0425]: cannot find value `i` in this scope
   --> C:\Users\muzhi\Desktop\C_Rust_BETA\temp_main.rs:105:21
    |
105 |         foreach!(j, i, n, {
    |                     ^ help: a local variable with a similar name exists: `a`

error[E0425]: cannot find value `i` in this scope
   --> C:\Users\muzhi\Desktop\C_Rust_BETA\temp_main.rs:106:21
    |
106 |             if a[j][i].abs() > a[max_j][i].abs() {
    |                     ^ help: a local variable with a similar name exists: `a`

error[E0425]: cannot find value `i` in this scope
   --> C:\Users\muzhi\Desktop\C_Rust_BETA\temp_main.rs:106:41
    |
106 |             if a[j][i].abs() > a[max_j][i].abs() {
    |                                         ^ help: a local variable with a similar name exists: `a`

error[E0425]: cannot find value `i` in this scope
   --> C:\Users\muzhi\Desktop\C_Rust_BETA\temp_main.rs:110:21
    |
110 |         if max_j != i {
    |                     ^ help: a local variable with a similar name exists: `a`

error[E0425]: cannot find value `i` in this scope
   --> C:\Users\muzhi\Desktop\C_Rust_BETA\temp_main.rs:111:34
    |
111 |             for_k!(n, { _swap!(p[i][k], p[max_j][k]); });
    |                                  ^ help: a local variable with a similar name exists: `a`

error[E0425]: cannot find value `k` in this scope
   --> C:\Users\muzhi\Desktop\C_Rust_BETA\temp_main.rs:111:37
    |
111 |             for_k!(n, { _swap!(p[i][k], p[max_j][k]); });
    |                                     ^ help: a tuple variant with a similar name exists: `Ok`
   --> /rustc/eeb90cda1969383f56a2637cbd3037bdf598841c\library\core\src\result.rs:531:5
    |
    = note: similarly named tuple variant `Ok` defined here

error[E0425]: cannot find value `k` in this scope
   --> C:\Users\muzhi\Desktop\C_Rust_BETA\temp_main.rs:111:50
    |
111 |             for_k!(n, { _swap!(p[i][k], p[max_j][k]); });
    |                                                  ^ help: a tuple variant with a similar name exists: `Ok`
   --> /rustc/eeb90cda1969383f56a2637cbd3037bdf598841c\library\core\src\result.rs:531:5
    |
    = note: similarly named tuple variant `Ok` defined here

error[E0425]: cannot find value `i` in this scope
   --> C:\Users\muzhi\Desktop\C_Rust_BETA\temp_main.rs:123:19
    |
123 |     for_i!(n, { l[i][i] = 1.0; });
    |                   ^ help: a local variable with a similar name exists: `a`

error[E0425]: cannot find value `i` in this scope
   --> C:\Users\muzhi\Desktop\C_Rust_BETA\temp_main.rs:123:22
    |
123 |     for_i!(n, { l[i][i] = 1.0; });
    |                      ^ help: a local variable with a similar name exists: `a`

error[E0425]: cannot find value `j` in this scope
   --> C:\Users\muzhi\Desktop\C_Rust_BETA\temp_main.rs:126:12
    |
126 |         if j <= i {
    |            ^ help: a local variable with a similar name exists: `a`

error[E0425]: cannot find value `i` in this scope
   --> C:\Users\muzhi\Desktop\C_Rust_BETA\temp_main.rs:126:17
    |
126 |         if j <= i {
    |                 ^ help: a local variable with a similar name exists: `a`

error[E0425]: cannot find value `j` in this scope
   --> C:\Users\muzhi\Desktop\C_Rust_BETA\temp_main.rs:127:24
    |
127 |             _sum_k!(0, j, l[j][k] * u[k][i], s);
    |                        ^
    |
help: a local variable with a similar name exists
    |
127 |             _sum_k!(0, a, l[j][k] * u[k][i], s);
    |                        ~
help: you might have meant to write `.` instead of `..`
    |
127 |             _sum_k!(0,j, l[j][k] * u[k][i], s);
    |

error[E0425]: cannot find value `j` in this scope
   --> C:\Users\muzhi\Desktop\C_Rust_BETA\temp_main.rs:127:29
    |
127 |             _sum_k!(0, j, l[j][k] * u[k][i], s);
    |                             ^ help: a local variable with a similar name exists: `a`

error[E0425]: cannot find value `k` in this scope
   --> C:\Users\muzhi\Desktop\C_Rust_BETA\temp_main.rs:127:32
    |
127 |             _sum_k!(0, j, l[j][k] * u[k][i], s);
    |                                ^ help: a tuple variant with a similar name exists: `Ok`
   --> /rustc/eeb90cda1969383f56a2637cbd3037bdf598841c\library\core\src\result.rs:531:5
    |
    = note: similarly named tuple variant `Ok` defined here

error[E0425]: cannot find value `k` in this scope
   --> C:\Users\muzhi\Desktop\C_Rust_BETA\temp_main.rs:127:39
    |
127 |             _sum_k!(0, j, l[j][k] * u[k][i], s);
    |                                       ^ help: a tuple variant with a similar name exists: `Ok`
   --> /rustc/eeb90cda1969383f56a2637cbd3037bdf598841c\library\core\src\result.rs:531:5
    |
    = note: similarly named tuple variant `Ok` defined here

error[E0425]: cannot find value `i` in this scope
   --> C:\Users\muzhi\Desktop\C_Rust_BETA\temp_main.rs:127:42
    |
127 |             _sum_k!(0, j, l[j][k] * u[k][i], s);
    |                                          ^ help: a local variable with a similar name exists: `a`

error[E0425]: cannot find value `j` in this scope
   --> C:\Users\muzhi\Desktop\C_Rust_BETA\temp_main.rs:128:15
    |
128 |             u[j][i] = aprime[j][i] - s;
    |               ^ help: a local variable with a similar name exists: `a`

error[E0425]: cannot find value `i` in this scope
   --> C:\Users\muzhi\Desktop\C_Rust_BETA\temp_main.rs:128:18
    |
128 |             u[j][i] = aprime[j][i] - s;
    |                  ^ help: a local variable with a similar name exists: `a`

error[E0425]: cannot find value `j` in this scope
   --> C:\Users\muzhi\Desktop\C_Rust_BETA\temp_main.rs:128:30
    |
128 |             u[j][i] = aprime[j][i] - s;
    |                              ^ help: a local variable with a similar name exists: `a`

error[E0425]: cannot find value `i` in this scope
   --> C:\Users\muzhi\Desktop\C_Rust_BETA\temp_main.rs:128:33
    |
128 |             u[j][i] = aprime[j][i] - s;
    |                                 ^ help: a local variable with a similar name exists: `a`

error[E0425]: cannot find value `j` in this scope
   --> C:\Users\muzhi\Desktop\C_Rust_BETA\temp_main.rs:130:12
    |
130 |         if j >= i {
    |            ^ help: a local variable with a similar name exists: `a`

error[E0425]: cannot find value `i` in this scope
   --> C:\Users\muzhi\Desktop\C_Rust_BETA\temp_main.rs:130:17
    |
130 |         if j >= i {
    |                 ^ help: a local variable with a similar name exists: `a`

error[E0425]: cannot find value `i` in this scope
   --> C:\Users\muzhi\Desktop\C_Rust_BETA\temp_main.rs:131:24
    |
131 |             _sum_k!(0, i, l[j][k] * u[k][i], s);
    |                        ^
    |
help: a local variable with a similar name exists
    |
131 |             _sum_k!(0, a, l[j][k] * u[k][i], s);
    |                        ~
help: you might have meant to write `.` instead of `..`
    |
131 |             _sum_k!(0,i, l[j][k] * u[k][i], s);
    |

error[E0425]: cannot find value `j` in this scope
   --> C:\Users\muzhi\Desktop\C_Rust_BETA\temp_main.rs:131:29
    |
131 |             _sum_k!(0, i, l[j][k] * u[k][i], s);
    |                             ^ help: a local variable with a similar name exists: `a`

error[E0425]: cannot find value `k` in this scope
   --> C:\Users\muzhi\Desktop\C_Rust_BETA\temp_main.rs:131:32
    |
131 |             _sum_k!(0, i, l[j][k] * u[k][i], s);
    |                                ^ help: a tuple variant with a similar name exists: `Ok`
   --> /rustc/eeb90cda1969383f56a2637cbd3037bdf598841c\library\core\src\result.rs:531:5
    |
    = note: similarly named tuple variant `Ok` defined here

error[E0425]: cannot find value `k` in this scope
   --> C:\Users\muzhi\Desktop\C_Rust_BETA\temp_main.rs:131:39
    |
131 |             _sum_k!(0, i, l[j][k] * u[k][i], s);
    |                                       ^ help: a tuple variant with a similar name exists: `Ok`
   --> /rustc/eeb90cda1969383f56a2637cbd3037bdf598841c\library\core\src\result.rs:531:5
    |
    = note: similarly named tuple variant `Ok` defined here

error[E0425]: cannot find value `i` in this scope
   --> C:\Users\muzhi\Desktop\C_Rust_BETA\temp_main.rs:131:42
    |
131 |             _sum_k!(0, i, l[j][k] * u[k][i], s);
    |                                          ^ help: a local variable with a similar name exists: `a`

error[E0425]: cannot find value `j` in this scope
   --> C:\Users\muzhi\Desktop\C_Rust_BETA\temp_main.rs:132:15
    |
132 |             l[j][i] = (aprime[j][i] - s) / u[i][i];
    |               ^ help: a local variable with a similar name exists: `a`

error[E0425]: cannot find value `i` in this scope
   --> C:\Users\muzhi\Desktop\C_Rust_BETA\temp_main.rs:132:18
    |
132 |             l[j][i] = (aprime[j][i] - s) / u[i][i];
    |                  ^ help: a local variable with a similar name exists: `a`

error[E0425]: cannot find value `j` in this scope
   --> C:\Users\muzhi\Desktop\C_Rust_BETA\temp_main.rs:132:31
    |
132 |             l[j][i] = (aprime[j][i] - s) / u[i][i];
    |                               ^ help: a local variable with a similar name exists: `a`

error[E0425]: cannot find value `i` in this scope
   --> C:\Users\muzhi\Desktop\C_Rust_BETA\temp_main.rs:132:34
    |
132 |             l[j][i] = (aprime[j][i] - s) / u[i][i];
    |                                  ^ help: a local variable with a similar name exists: `a`

error[E0425]: cannot find value `i` in this scope
   --> C:\Users\muzhi\Desktop\C_Rust_BETA\temp_main.rs:132:46
    |
132 |             l[j][i] = (aprime[j][i] - s) / u[i][i];
    |                                              ^ help: a local variable with a similar name exists: `a`

error[E0425]: cannot find value `i` in this scope
   --> C:\Users\muzhi\Desktop\C_Rust_BETA\temp_main.rs:132:49
    |
132 |             l[j][i] = (aprime[j][i] - s) / u[i][i];
    |                                                 ^ help: a local variable with a similar name exists: `a`

warning: unused import: `std::mem`
 --> C:\Users\muzhi\Desktop\C_Rust_BETA\temp_main.rs:1:5
  |
1 | use std::mem;
  |     ^^^^^^^^
  |
  = note: `#[warn(unused_imports)]` on by default

warning: unused import: `std::ptr`
 --> C:\Users\muzhi\Desktop\C_Rust_BETA\temp_main.rs:2:5
  |
2 | use std::ptr;
  |     ^^^^^^^^

warning: unused import: `std::fmt`
 --> C:\Users\muzhi\Desktop\C_Rust_BETA\temp_main.rs:3:5
  |
3 | use std::fmt;
  |     ^^^^^^^^

error: aborting due to 55 previous errors; 3 warnings emitted

For more information about this error, try `rustc --explain E0425`.
