Rust 编译失败:
error[E0599]: no method named `try_into` found for type `usize` in the current scope
  --> C:\Users\muzhi\Desktop\C_Rust_BETA\temp_main.rs:64:30
   |
64 |         space(((20 - i) / 2).try_into().unwrap()); // Modified: Convert the result of the expression to `i32`
   |                              ^^^^^^^^
  --> /rustc/eeb90cda1969383f56a2637cbd3037bdf598841c\library\core\src\convert\mod.rs:611:8
   |
   = note: the method is available for `usize` here
   |
   = help: items from traits can only be used if the trait is in scope
   = note: 'std::convert::TryInto' is included in the prelude starting in Edition 2021
help: trait `TryInto` which provides `try_into` is implemented but not in scope; perhaps you want to import it
   |
6  + use std::convert::TryInto;
   |
help: there is a method `into` with a similar name
   |
64 |         space(((20 - i) / 2).into().unwrap()); // Modified: Convert the result of the expression to `i32`
   |                              ~~~~

error[E0599]: no method named `try_into` found for type `usize` in the current scope
  --> C:\Users\muzhi\Desktop\C_Rust_BETA\temp_main.rs:66:84
   |
66 |         space((20 - i - (20 - i) / 2 + if c == to - 1 { 0 } else { gap as usize }).try_into().unwrap()); // Modified: Convert gap to usize
   |                                                                                    ^^^^^^^^
  --> /rustc/eeb90cda1969383f56a2637cbd3037bdf598841c\library\core\src\convert\mod.rs:611:8
   |
   = note: the method is available for `usize` here
   |
   = help: items from traits can only be used if the trait is in scope
   = note: 'std::convert::TryInto' is included in the prelude starting in Edition 2021
help: trait `TryInto` which provides `try_into` is implemented but not in scope; perhaps you want to import it
   |
6  + use std::convert::TryInto;
   |
help: there is a method `into` with a similar name
   |
66 |         space((20 - i - (20 - i) / 2 + if c == to - 1 { 0 } else { gap as usize }).into().unwrap()); // Modified: Convert gap to usize
   |                                                                                    ~~~~

warning: variable does not need to be mutable
  --> C:\Users\muzhi\Desktop\C_Rust_BETA\temp_main.rs:48:9
   |
48 |     let mut year = YEAR - 1;
   |         ----^^^^
   |         |
   |         help: remove this `mut`
   |
   = note: `#[warn(unused_mut)]` on by default

error: aborting due to 2 previous errors; 1 warning emitted

For more information about this error, try `rustc --explain E0599`.
