Rust 编译失败:
error[E0432]: unresolved import `lazy_static`
 --> C:\Users\muzhi\Desktop\C_Rust_BETA\temp_main.rs:1:5
  |
1 | use lazy_static::lazy_static;
  |     ^^^^^^^^^^^ maybe a missing crate `lazy_static`?
  |
  = help: consider adding `extern crate lazy_static` to use the `lazy_static` crate

error[E0425]: cannot find value `H` in this scope
  --> C:\Users\muzhi\Desktop\C_Rust_BETA\temp_main.rs:19:24
   |
19 |     if y == 0 || y == *H.lock().unwrap() || x == 0 || x == *W.lock().unwrap() {
   |                        ^
   |
help: a local variable with a similar name exists
   |
19 |     if y == 0 || y == *i.lock().unwrap() || x == 0 || x == *W.lock().unwrap() {
   |                        ~
help: you might be missing a const parameter
   |
15 | fn walk<const H: /* Type */>(y: i32, x: i32, NEXT: [i32; 4]) {
   |        +++++++++++++++++++++

error[E0425]: cannot find value `W` in this scope
  --> C:\Users\muzhi\Desktop\C_Rust_BETA\temp_main.rs:19:61
   |
19 |     if y == 0 || y == *H.lock().unwrap() || x == 0 || x == *W.lock().unwrap() {
   |                                                             ^
   |
help: a local variable with a similar name exists
   |
19 |     if y == 0 || y == *H.lock().unwrap() || x == 0 || x == *i.lock().unwrap() {
   |                                                             ~
help: you might be missing a const parameter
   |
15 | fn walk<const W: /* Type */>(y: i32, x: i32, NEXT: [i32; 4]) {
   |        +++++++++++++++++++++

error[E0425]: cannot find value `CNT` in this scope
  --> C:\Users\muzhi\Desktop\C_Rust_BETA\temp_main.rs:20:10
   |
20 |         *CNT.lock().unwrap() = CNT.lock().unwrap().wrapping_add(2);
   |          ^^^ not found in this scope

error[E0425]: cannot find value `CNT` in this scope
  --> C:\Users\muzhi\Desktop\C_Rust_BETA\temp_main.rs:20:32
   |
20 |         *CNT.lock().unwrap() = CNT.lock().unwrap().wrapping_add(2);
   |                                ^^^ not found in this scope

error[E0425]: cannot find value `W` in this scope
  --> C:\Users\muzhi\Desktop\C_Rust_BETA\temp_main.rs:24:16
   |
24 |     t = (y * (*W.lock().unwrap() + 1) + x) as usize;
   |                ^
   |
help: a local variable with a similar name exists
   |
24 |     t = (y * (*i.lock().unwrap() + 1) + x) as usize;
   |                ~
help: you might be missing a const parameter
   |
15 | fn walk<const W: /* Type */>(y: i32, x: i32, NEXT: [i32; 4]) {
   |        +++++++++++++++++++++

error[E0425]: cannot find value `GRID` in this scope
  --> C:\Users\muzhi\Desktop\C_Rust_BETA\temp_main.rs:25:34
   |
25 |     if let Some(ref mut grid) = *GRID.lock().unwrap() {
   |                                  ^^^^ not found in this scope

error[E0425]: cannot find value `LEN` in this scope
  --> C:\Users\muzhi\Desktop\C_Rust_BETA\temp_main.rs:27:15
   |
27 |         grid[*LEN.lock().unwrap() - t] += 1;
   |               ^^^ not found in this scope

error[E0425]: cannot find value `LEN` in this scope
  --> C:\Users\muzhi\Desktop\C_Rust_BETA\temp_main.rs:31:25
   |
31 |             if index < *LEN.lock().unwrap() && grid[index] == 0 {
   |                         ^^^ not found in this scope

error[E0425]: cannot find value `LEN` in this scope
  --> C:\Users\muzhi\Desktop\C_Rust_BETA\temp_main.rs:37:15
   |
37 |         grid[*LEN.lock().unwrap() - t] -= 1;
   |               ^^^ not found in this scope

error[E0425]: cannot find value `H` in this scope
  --> C:\Users\muzhi\Desktop\C_Rust_BETA\temp_main.rs:47:6
   |
47 |     *H.lock().unwrap() = hh;
   |      ^
   |
help: a local variable with a similar name exists
   |
47 |     *t.lock().unwrap() = hh;
   |      ~
help: you might be missing a const parameter
   |
41 | fn solve<const H: /* Type */>(hh: i32, ww: i32, recur: bool) -> u64 {
   |         +++++++++++++++++++++

error[E0425]: cannot find value `W` in this scope
  --> C:\Users\muzhi\Desktop\C_Rust_BETA\temp_main.rs:48:6
   |
48 |     *W.lock().unwrap() = ww;
   |      ^
   |
help: a local variable with a similar name exists
   |
48 |     *t.lock().unwrap() = ww;
   |      ~
help: you might be missing a const parameter
   |
41 | fn solve<const W: /* Type */>(hh: i32, ww: i32, recur: bool) -> u64 {
   |         +++++++++++++++++++++

error[E0425]: cannot find value `H` in this scope
  --> C:\Users\muzhi\Desktop\C_Rust_BETA\temp_main.rs:50:9
   |
50 |     if *H.lock().unwrap() & 1 != 0 {
   |         ^
   |
help: a local variable with a similar name exists
   |
50 |     if *t.lock().unwrap() & 1 != 0 {
   |         ~
help: you might be missing a const parameter
   |
41 | fn solve<const H: /* Type */>(hh: i32, ww: i32, recur: bool) -> u64 {
   |         +++++++++++++++++++++

error[E0425]: cannot find value `W` in this scope
  --> C:\Users\muzhi\Desktop\C_Rust_BETA\temp_main.rs:51:14
   |
51 |         t = *W.lock().unwrap();
   |              ^
   |
help: a local variable with a similar name exists
   |
51 |         t = *t.lock().unwrap();
   |              ~
help: you might be missing a const parameter
   |
41 | fn solve<const W: /* Type */>(hh: i32, ww: i32, recur: bool) -> u64 {
   |         +++++++++++++++++++++

error[E0425]: cannot find value `W` in this scope
  --> C:\Users\muzhi\Desktop\C_Rust_BETA\temp_main.rs:52:10
   |
52 |         *W.lock().unwrap() = *H.lock().unwrap();
   |          ^
   |
help: a local variable with a similar name exists
   |
52 |         *t.lock().unwrap() = *H.lock().unwrap();
   |          ~
help: you might be missing a const parameter
   |
41 | fn solve<const W: /* Type */>(hh: i32, ww: i32, recur: bool) -> u64 {
   |         +++++++++++++++++++++

error[E0425]: cannot find value `H` in this scope
  --> C:\Users\muzhi\Desktop\C_Rust_BETA\temp_main.rs:52:31
   |
52 |         *W.lock().unwrap() = *H.lock().unwrap();
   |                               ^
   |
help: a local variable with a similar name exists
   |
52 |         *W.lock().unwrap() = *t.lock().unwrap();
   |                               ~
help: you might be missing a const parameter
   |
41 | fn solve<const H: /* Type */>(hh: i32, ww: i32, recur: bool) -> u64 {
   |         +++++++++++++++++++++

error[E0425]: cannot find value `H` in this scope
  --> C:\Users\muzhi\Desktop\C_Rust_BETA\temp_main.rs:53:10
   |
53 |         *H.lock().unwrap() = t;
   |          ^
   |
help: a local variable with a similar name exists
   |
53 |         *t.lock().unwrap() = t;
   |          ~
help: you might be missing a const parameter
   |
41 | fn solve<const H: /* Type */>(hh: i32, ww: i32, recur: bool) -> u64 {
   |         +++++++++++++++++++++

error[E0425]: cannot find value `H` in this scope
  --> C:\Users\muzhi\Desktop\C_Rust_BETA\temp_main.rs:55:9
   |
55 |     if *H.lock().unwrap() & 1 != 0 {
   |         ^
   |
help: a local variable with a similar name exists
   |
55 |     if *t.lock().unwrap() & 1 != 0 {
   |         ~
help: you might be missing a const parameter
   |
41 | fn solve<const H: /* Type */>(hh: i32, ww: i32, recur: bool) -> u64 {
   |         +++++++++++++++++++++

error[E0425]: cannot find value `W` in this scope
  --> C:\Users\muzhi\Desktop\C_Rust_BETA\temp_main.rs:58:9
   |
58 |     if *W.lock().unwrap() == 1 {
   |         ^
   |
help: a local variable with a similar name exists
   |
58 |     if *t.lock().unwrap() == 1 {
   |         ~
help: you might be missing a const parameter
   |
41 | fn solve<const W: /* Type */>(hh: i32, ww: i32, recur: bool) -> u64 {
   |         +++++++++++++++++++++

error[E0425]: cannot find value `W` in this scope
  --> C:\Users\muzhi\Desktop\C_Rust_BETA\temp_main.rs:61:9
   |
61 |     if *W.lock().unwrap() == 2 {
   |         ^
   |
help: a local variable with a similar name exists
   |
61 |     if *t.lock().unwrap() == 2 {
   |         ~
help: you might be missing a const parameter
   |
41 | fn solve<const W: /* Type */>(hh: i32, ww: i32, recur: bool) -> u64 {
   |         +++++++++++++++++++++

error[E0425]: cannot find value `H` in this scope
  --> C:\Users\muzhi\Desktop\C_Rust_BETA\temp_main.rs:62:17
   |
62 |         return *H.lock().unwrap() as u64;
   |                 ^
   |
help: a local variable with a similar name exists
   |
62 |         return *t.lock().unwrap() as u64;
   |                 ~
help: you might be missing a const parameter
   |
41 | fn solve<const H: /* Type */>(hh: i32, ww: i32, recur: bool) -> u64 {
   |         +++++++++++++++++++++

error[E0425]: cannot find value `H` in this scope
  --> C:\Users\muzhi\Desktop\C_Rust_BETA\temp_main.rs:64:9
   |
64 |     if *H.lock().unwrap() == 2 {
   |         ^
   |
help: a local variable with a similar name exists
   |
64 |     if *t.lock().unwrap() == 2 {
   |         ~
help: you might be missing a const parameter
   |
41 | fn solve<const H: /* Type */>(hh: i32, ww: i32, recur: bool) -> u64 {
   |         +++++++++++++++++++++

error[E0425]: cannot find value `W` in this scope
  --> C:\Users\muzhi\Desktop\C_Rust_BETA\temp_main.rs:65:17
   |
65 |         return *W.lock().unwrap() as u64;
   |                 ^
   |
help: a local variable with a similar name exists
   |
65 |         return *t.lock().unwrap() as u64;
   |                 ~
help: you might be missing a const parameter
   |
41 | fn solve<const W: /* Type */>(hh: i32, ww: i32, recur: bool) -> u64 {
   |         +++++++++++++++++++++

error[E0425]: cannot find value `H` in this scope
  --> C:\Users\muzhi\Desktop\C_Rust_BETA\temp_main.rs:68:11
   |
68 |     cy = *H.lock().unwrap() / 2;
   |           ^
   |
help: a local variable with a similar name exists
   |
68 |     cy = *t.lock().unwrap() / 2;
   |           ~
help: you might be missing a const parameter
   |
41 | fn solve<const H: /* Type */>(hh: i32, ww: i32, recur: bool) -> u64 {
   |         +++++++++++++++++++++

error[E0425]: cannot find value `W` in this scope
  --> C:\Users\muzhi\Desktop\C_Rust_BETA\temp_main.rs:69:11
   |
69 |     cx = *W.lock().unwrap() / 2;
   |           ^
   |
help: a local variable with a similar name exists
   |
69 |     cx = *t.lock().unwrap() / 2;
   |           ~
help: you might be missing a const parameter
   |
41 | fn solve<const W: /* Type */>(hh: i32, ww: i32, recur: bool) -> u64 {
   |         +++++++++++++++++++++

error[E0425]: cannot find value `LEN` in this scope
  --> C:\Users\muzhi\Desktop\C_Rust_BETA\temp_main.rs:71:6
   |
71 |     *LEN.lock().unwrap() = (*H.lock().unwrap() + 1).checked_mul(*W.lock().unwrap() + 1).expect("Overflow in LEN calculation") as usize;
   |      ^^^ not found in this scope

error[E0425]: cannot find value `H` in this scope
  --> C:\Users\muzhi\Desktop\C_Rust_BETA\temp_main.rs:71:30
   |
71 |     *LEN.lock().unwrap() = (*H.lock().unwrap() + 1).checked_mul(*W.lock().unwrap() + 1).expect("Overflow in LEN calculation") as usize;
   |                              ^
   |
help: a local variable with a similar name exists
   |
71 |     *LEN.lock().unwrap() = (*t.lock().unwrap() + 1).checked_mul(*W.lock().unwrap() + 1).expect("Overflow in LEN calculation") as usize;
   |                              ~
help: you might be missing a const parameter
   |
41 | fn solve<const H: /* Type */>(hh: i32, ww: i32, recur: bool) -> u64 {
   |         +++++++++++++++++++++

error[E0425]: cannot find value `W` in this scope
  --> C:\Users\muzhi\Desktop\C_Rust_BETA\temp_main.rs:71:66
   |
71 |     *LEN.lock().unwrap() = (*H.lock().unwrap() + 1).checked_mul(*W.lock().unwrap() + 1).expect("Overflow in LEN calculation") as usize;
   |                                                                  ^
   |
help: a local variable with a similar name exists
   |
71 |     *LEN.lock().unwrap() = (*H.lock().unwrap() + 1).checked_mul(*t.lock().unwrap() + 1).expect("Overflow in LEN calculation") as usize;
   |                                                                  ~
help: you might be missing a const parameter
   |
41 | fn solve<const W: /* Type */>(hh: i32, ww: i32, recur: bool) -> u64 {
   |         +++++++++++++++++++++

error[E0425]: cannot find value `GRID` in this scope
  --> C:\Users\muzhi\Desktop\C_Rust_BETA\temp_main.rs:72:6
   |
72 |     *GRID.lock().unwrap() = Some(vec![0; *LEN.lock().unwrap()]);
   |      ^^^^ not found in this scope

error[E0425]: cannot find value `LEN` in this scope
  --> C:\Users\muzhi\Desktop\C_Rust_BETA\temp_main.rs:72:43
   |
72 |     *GRID.lock().unwrap() = Some(vec![0; *LEN.lock().unwrap()]);
   |                                           ^^^ not found in this scope

error[E0425]: cannot find value `CNT` in this scope
  --> C:\Users\muzhi\Desktop\C_Rust_BETA\temp_main.rs:75:10
   |
75 |         *CNT.lock().unwrap() = 0;
   |          ^^^ not found in this scope

error[E0425]: cannot find value `W` in this scope
  --> C:\Users\muzhi\Desktop\C_Rust_BETA\temp_main.rs:78:37
   |
78 |     let mut NEXT: [i32; 4] = [-1, -*W.lock().unwrap() - 1, 1, *W.lock().unwrap() + 1];
   |                                     ^
   |
help: a local variable with a similar name exists
   |
78 |     let mut NEXT: [i32; 4] = [-1, -*t.lock().unwrap() - 1, 1, *W.lock().unwrap() + 1];
   |                                     ~
help: you might be missing a const parameter
   |
41 | fn solve<const W: /* Type */>(hh: i32, ww: i32, recur: bool) -> u64 {
   |         +++++++++++++++++++++

error[E0425]: cannot find value `W` in this scope
  --> C:\Users\muzhi\Desktop\C_Rust_BETA\temp_main.rs:78:64
   |
78 |     let mut NEXT: [i32; 4] = [-1, -*W.lock().unwrap() - 1, 1, *W.lock().unwrap() + 1];
   |                                                                ^
   |
help: a local variable with a similar name exists
   |
78 |     let mut NEXT: [i32; 4] = [-1, -*W.lock().unwrap() - 1, 1, *t.lock().unwrap() + 1];
   |                                                                ~
help: you might be missing a const parameter
   |
41 | fn solve<const W: /* Type */>(hh: i32, ww: i32, recur: bool) -> u64 {
   |         +++++++++++++++++++++

error[E0425]: cannot find value `W` in this scope
  --> C:\Users\muzhi\Desktop\C_Rust_BETA\temp_main.rs:80:23
   |
80 |     for x in cx + 1..*W.lock().unwrap() {
   |                       ^
   |
help: a local variable with a similar name exists
   |
80 |     for x in cx + 1..*t.lock().unwrap() {
   |                       ~
help: you might be missing a const parameter
   |
41 | fn solve<const W: /* Type */>(hh: i32, ww: i32, recur: bool) -> u64 {
   |         +++++++++++++++++++++

error[E0425]: cannot find value `W` in this scope
  --> C:\Users\muzhi\Desktop\C_Rust_BETA\temp_main.rs:81:20
   |
81 |         t = cy * (*W.lock().unwrap() + 1) + x;
   |                    ^
   |
help: a local variable with a similar name exists
   |
81 |         t = cy * (*t.lock().unwrap() + 1) + x;
   |                    ~
help: you might be missing a const parameter
   |
41 | fn solve<const W: /* Type */>(hh: i32, ww: i32, recur: bool) -> u64 {
   |         +++++++++++++++++++++

error[E0425]: cannot find value `GRID` in this scope
  --> C:\Users\muzhi\Desktop\C_Rust_BETA\temp_main.rs:82:38
   |
82 |         if let Some(ref mut grid) = *GRID.lock().unwrap() {
   |                                      ^^^^ not found in this scope

error[E0425]: cannot find value `LEN` in this scope
  --> C:\Users\muzhi\Desktop\C_Rust_BETA\temp_main.rs:84:19
   |
84 |             grid[*LEN.lock().unwrap() - t as usize] = 1;
   |                   ^^^ not found in this scope

error[E0425]: cannot find value `CNT` in this scope
  --> C:\Users\muzhi\Desktop\C_Rust_BETA\temp_main.rs:88:6
   |
88 |     *CNT.lock().unwrap() += 1;
   |      ^^^ not found in this scope

error[E0425]: cannot find value `H` in this scope
  --> C:\Users\muzhi\Desktop\C_Rust_BETA\temp_main.rs:90:9
   |
90 |     if *H.lock().unwrap() == *W.lock().unwrap() {
   |         ^
   |
help: a local variable with a similar name exists
   |
90 |     if *t.lock().unwrap() == *W.lock().unwrap() {
   |         ~
help: you might be missing a const parameter
   |
41 | fn solve<const H: /* Type */>(hh: i32, ww: i32, recur: bool) -> u64 {
   |         +++++++++++++++++++++

error[E0425]: cannot find value `W` in this scope
  --> C:\Users\muzhi\Desktop\C_Rust_BETA\temp_main.rs:90:31
   |
90 |     if *H.lock().unwrap() == *W.lock().unwrap() {
   |                               ^
   |
help: a local variable with a similar name exists
   |
90 |     if *H.lock().unwrap() == *t.lock().unwrap() {
   |                               ~
help: you might be missing a const parameter
   |
41 | fn solve<const W: /* Type */>(hh: i32, ww: i32, recur: bool) -> u64 {
   |         +++++++++++++++++++++

error[E0425]: cannot find value `CNT` in this scope
  --> C:\Users\muzhi\Desktop\C_Rust_BETA\temp_main.rs:91:10
   |
91 |         *CNT.lock().unwrap() *= 2;
   |          ^^^ not found in this scope

error[E0425]: cannot find value `W` in this scope
  --> C:\Users\muzhi\Desktop\C_Rust_BETA\temp_main.rs:92:16
   |
92 |     } else if *W.lock().unwrap() & 1 == 0 && recur {
   |                ^
   |
help: a local variable with a similar name exists
   |
92 |     } else if *t.lock().unwrap() & 1 == 0 && recur {
   |                ~
help: you might be missing a const parameter
   |
41 | fn solve<const W: /* Type */>(hh: i32, ww: i32, recur: bool) -> u64 {
   |         +++++++++++++++++++++

error[E0425]: cannot find value `W` in this scope
  --> C:\Users\muzhi\Desktop\C_Rust_BETA\temp_main.rs:93:16
   |
93 |         solve(*W.lock().unwrap(), *H.lock().unwrap(), false);
   |                ^
   |
help: a local variable with a similar name exists
   |
93 |         solve(*t.lock().unwrap(), *H.lock().unwrap(), false);
   |                ~
help: you might be missing a const parameter
   |
41 | fn solve<const W: /* Type */>(hh: i32, ww: i32, recur: bool) -> u64 {
   |         +++++++++++++++++++++

error[E0425]: cannot find value `H` in this scope
  --> C:\Users\muzhi\Desktop\C_Rust_BETA\temp_main.rs:93:36
   |
93 |         solve(*W.lock().unwrap(), *H.lock().unwrap(), false);
   |                                    ^
   |
help: a local variable with a similar name exists
   |
93 |         solve(*W.lock().unwrap(), *t.lock().unwrap(), false);
   |                                    ~
help: you might be missing a const parameter
   |
41 | fn solve<const H: /* Type */>(hh: i32, ww: i32, recur: bool) -> u64 {
   |         +++++++++++++++++++++

error[E0425]: cannot find value `CNT` in this scope
  --> C:\Users\muzhi\Desktop\C_Rust_BETA\temp_main.rs:96:6
   |
96 |     *CNT.lock().unwrap()
   |      ^^^ not found in this scope

error: aborting due to 45 previous errors

Some errors have detailed explanations: E0425, E0432.
For more information about an error, try `rustc --explain E0425`.
