Rust 编译失败:
error[E0599]: no method named `push` found for mutable reference `&mut [char]` in the current scope
  --> D:\code\rscode\C_Rust_BETA\temp_main.rs:12:19
   |
12 |                 s.push($c);
   |                   ^^^^ method not found in `&mut [char]`
...
28 |     digit!(while, 1000, 'M');
   |     ------------------------ in this macro invocation
   |
   = note: this error originates in the macro `digit` (in Nightly builds, run with -Z macro-backtrace for more info)

error[E0599]: no method named `push` found for mutable reference `&mut [char]` in the current scope
  --> D:\code\rscode\C_Rust_BETA\temp_main.rs:21:19
   |
21 |                 s.push($c1);
   |                   ^^^^ method not found in `&mut [char]`
...
29 |     digits!(if, 900, 'C', 'M');
   |     -------------------------- in this macro invocation
   |
   = note: this error originates in the macro `digits` (in Nightly builds, run with -Z macro-backtrace for more info)

error[E0599]: no method named `push` found for mutable reference `&mut [char]` in the current scope
  --> D:\code\rscode\C_Rust_BETA\temp_main.rs:22:19
   |
22 |                 s.push($c2);
   |                   ^^^^ method not found in `&mut [char]`
...
29 |     digits!(if, 900, 'C', 'M');
   |     -------------------------- in this macro invocation
   |
   = note: this error originates in the macro `digits` (in Nightly builds, run with -Z macro-backtrace for more info)

error[E0599]: no method named `push` found for mutable reference `&mut [char]` in the current scope
  --> D:\code\rscode\C_Rust_BETA\temp_main.rs:12:19
   |
12 |                 s.push($c);
   |                   ^^^^ method not found in `&mut [char]`
...
30 |     digit!(if, 500, 'D');
   |     -------------------- in this macro invocation
   |
   = note: this error originates in the macro `digit` (in Nightly builds, run with -Z macro-backtrace for more info)

error[E0599]: no method named `push` found for mutable reference `&mut [char]` in the current scope
  --> D:\code\rscode\C_Rust_BETA\temp_main.rs:21:19
   |
21 |                 s.push($c1);
   |                   ^^^^ method not found in `&mut [char]`
...
31 |     digits!(if, 400, 'C', 'D');
   |     -------------------------- in this macro invocation
   |
   = note: this error originates in the macro `digits` (in Nightly builds, run with -Z macro-backtrace for more info)

error[E0599]: no method named `push` found for mutable reference `&mut [char]` in the current scope
  --> D:\code\rscode\C_Rust_BETA\temp_main.rs:22:19
   |
22 |                 s.push($c2);
   |                   ^^^^ method not found in `&mut [char]`
...
31 |     digits!(if, 400, 'C', 'D');
   |     -------------------------- in this macro invocation
   |
   = note: this error originates in the macro `digits` (in Nightly builds, run with -Z macro-backtrace for more info)

error[E0599]: no method named `push` found for mutable reference `&mut [char]` in the current scope
  --> D:\code\rscode\C_Rust_BETA\temp_main.rs:12:19
   |
12 |                 s.push($c);
   |                   ^^^^ method not found in `&mut [char]`
...
32 |     digit!(while, 100, 'C');
   |     ----------------------- in this macro invocation
   |
   = note: this error originates in the macro `digit` (in Nightly builds, run with -Z macro-backtrace for more info)

error[E0599]: no method named `push` found for mutable reference `&mut [char]` in the current scope
  --> D:\code\rscode\C_Rust_BETA\temp_main.rs:21:19
   |
21 |                 s.push($c1);
   |                   ^^^^ method not found in `&mut [char]`
...
33 |     digits!(if, 90, 'X', 'C');
   |     ------------------------- in this macro invocation
   |
   = note: this error originates in the macro `digits` (in Nightly builds, run with -Z macro-backtrace for more info)

error[E0599]: no method named `push` found for mutable reference `&mut [char]` in the current scope
  --> D:\code\rscode\C_Rust_BETA\temp_main.rs:22:19
   |
22 |                 s.push($c2);
   |                   ^^^^ method not found in `&mut [char]`
...
33 |     digits!(if, 90, 'X', 'C');
   |     ------------------------- in this macro invocation
   |
   = note: this error originates in the macro `digits` (in Nightly builds, run with -Z macro-backtrace for more info)

error[E0599]: no method named `push` found for mutable reference `&mut [char]` in the current scope
  --> D:\code\rscode\C_Rust_BETA\temp_main.rs:12:19
   |
12 |                 s.push($c);
   |                   ^^^^ method not found in `&mut [char]`
...
34 |     digit!(if, 50, 'L');
   |     ------------------- in this macro invocation
   |
   = note: this error originates in the macro `digit` (in Nightly builds, run with -Z macro-backtrace for more info)

error[E0599]: no method named `push` found for mutable reference `&mut [char]` in the current scope
  --> D:\code\rscode\C_Rust_BETA\temp_main.rs:21:19
   |
21 |                 s.push($c1);
   |                   ^^^^ method not found in `&mut [char]`
...
35 |     digits!(if, 40, 'X', 'L');
   |     ------------------------- in this macro invocation
   |
   = note: this error originates in the macro `digits` (in Nightly builds, run with -Z macro-backtrace for more info)

error[E0599]: no method named `push` found for mutable reference `&mut [char]` in the current scope
  --> D:\code\rscode\C_Rust_BETA\temp_main.rs:22:19
   |
22 |                 s.push($c2);
   |                   ^^^^ method not found in `&mut [char]`
...
35 |     digits!(if, 40, 'X', 'L');
   |     ------------------------- in this macro invocation
   |
   = note: this error originates in the macro `digits` (in Nightly builds, run with -Z macro-backtrace for more info)

error[E0599]: no method named `push` found for mutable reference `&mut [char]` in the current scope
  --> D:\code\rscode\C_Rust_BETA\temp_main.rs:12:19
   |
12 |                 s.push($c);
   |                   ^^^^ method not found in `&mut [char]`
...
36 |     digit!(while, 10, 'X');
   |     ---------------------- in this macro invocation
   |
   = note: this error originates in the macro `digit` (in Nightly builds, run with -Z macro-backtrace for more info)

error[E0599]: no method named `push` found for mutable reference `&mut [char]` in the current scope
  --> D:\code\rscode\C_Rust_BETA\temp_main.rs:21:19
   |
21 |                 s.push($c1);
   |                   ^^^^ method not found in `&mut [char]`
...
37 |     digits!(if, 9, 'I', 'X');
   |     ------------------------ in this macro invocation
   |
   = note: this error originates in the macro `digits` (in Nightly builds, run with -Z macro-backtrace for more info)

error[E0599]: no method named `push` found for mutable reference `&mut [char]` in the current scope
  --> D:\code\rscode\C_Rust_BETA\temp_main.rs:22:19
   |
22 |                 s.push($c2);
   |                   ^^^^ method not found in `&mut [char]`
...
37 |     digits!(if, 9, 'I', 'X');
   |     ------------------------ in this macro invocation
   |
   = note: this error originates in the macro `digits` (in Nightly builds, run with -Z macro-backtrace for more info)

error[E0599]: no method named `push` found for mutable reference `&mut [char]` in the current scope
  --> D:\code\rscode\C_Rust_BETA\temp_main.rs:12:19
   |
12 |                 s.push($c);
   |                   ^^^^ method not found in `&mut [char]`
...
38 |     digit!(if, 5, 'V');
   |     ------------------ in this macro invocation
   |
   = note: this error originates in the macro `digit` (in Nightly builds, run with -Z macro-backtrace for more info)

error[E0599]: no method named `push` found for mutable reference `&mut [char]` in the current scope
  --> D:\code\rscode\C_Rust_BETA\temp_main.rs:21:19
   |
21 |                 s.push($c1);
   |                   ^^^^ method not found in `&mut [char]`
...
39 |     digits!(if, 4, 'I', 'V');
   |     ------------------------ in this macro invocation
   |
   = note: this error originates in the macro `digits` (in Nightly builds, run with -Z macro-backtrace for more info)

error[E0599]: no method named `push` found for mutable reference `&mut [char]` in the current scope
  --> D:\code\rscode\C_Rust_BETA\temp_main.rs:22:19
   |
22 |                 s.push($c2);
   |                   ^^^^ method not found in `&mut [char]`
...
39 |     digits!(if, 4, 'I', 'V');
   |     ------------------------ in this macro invocation
   |
   = note: this error originates in the macro `digits` (in Nightly builds, run with -Z macro-backtrace for more info)

error[E0599]: no method named `push` found for mutable reference `&mut [char]` in the current scope
  --> D:\code\rscode\C_Rust_BETA\temp_main.rs:12:19
   |
12 |                 s.push($c);
   |                   ^^^^ method not found in `&mut [char]`
...
40 |     digit!(while, 1, 'I');
   |     --------------------- in this macro invocation
   |
   = note: this error originates in the macro `digit` (in Nightly builds, run with -Z macro-backtrace for more info)

error[E0599]: no method named `push` found for mutable reference `&mut [char]` in the current scope
  --> D:\code\rscode\C_Rust_BETA\temp_main.rs:42:7
   |
42 |     s.push('\0');
   |       ^^^^ method not found in `&mut [char]`

error: aborting due to 20 previous errors

For more information about this error, try `rustc --explain E0599`.
