Rust 编译失败:
error[E0382]: borrow of moved value: `p1`
  --> D:\code\rscode\C_Rust_BETA\temp_main.rs:16:79
   |
10 | fn find_circles(p1: Point, p2: Point, radius: f64) {
   |                 -- move occurs because `p1` has type `Point`, which does not implement the `Copy` trait
11 |     let separation = distance(p1, p2);
   |                               -- value moved here
...
16 |             println!("\nNo circles can be drawn through ({:.4},{:.4})", p1.x, p1.y);
   |                                                                               ^^^^ value borrowed here after move
   |
note: consider changing this parameter type in function `distance` to borrow instead if owning the value isn't necessary
  --> D:\code\rscode\C_Rust_BETA\temp_main.rs:6:17
   |
6  | fn distance(p1: Point, p2: Point) -> f64 {
   |    --------     ^^^^^ this parameter takes ownership of the value
   |    |
   |    in this function
note: if `Point` implemented `Clone`, you could clone the value
  --> D:\code\rscode\C_Rust_BETA\temp_main.rs:1:1
   |
1  | struct Point {
   | ^^^^^^^^^^^^ consider implementing `Clone` for this type
...
11 |     let separation = distance(p1, p2);
   |                               -- you could clone this value
   = note: this error originates in the macro `$crate::format_args_nl` which comes from the expansion of the macro `println` (in Nightly builds, run with -Z macro-backtrace for more info)

error[E0382]: use of moved value: `p2`
  --> D:\code\rscode\C_Rust_BETA\temp_main.rs:24:21
   |
10 | fn find_circles(p1: Point, p2: Point, radius: f64) {
   |                            -- move occurs because `p2` has type `Point`, which does not implement the `Copy` trait
11 |     let separation = distance(p1, p2);
   |                                   -- value moved here
...
24 |             (p1.y + p2.y) / 2.0,
   |                     ^^^^ value used here after move
   |
note: consider changing this parameter type in function `distance` to borrow instead if owning the value isn't necessary
  --> D:\code\rscode\C_Rust_BETA\temp_main.rs:6:28
   |
6  | fn distance(p1: Point, p2: Point) -> f64 {
   |    --------                ^^^^^ this parameter takes ownership of the value
   |    |
   |    in this function
note: if `Point` implemented `Clone`, you could clone the value
  --> D:\code\rscode\C_Rust_BETA\temp_main.rs:1:1
   |
1  | struct Point {
   | ^^^^^^^^^^^^ consider implementing `Clone` for this type
...
11 |     let separation = distance(p1, p2);
   |                                   -- you could clone this value

error[E0508]: cannot move out of type `[Point; 10]`, a non-copy array
  --> D:\code\rscode\C_Rust_BETA\temp_main.rs:63:22
   |
63 |         find_circles(cases[2 * i], cases[2 * i + 1], radii[i]);
   |                      ^^^^^^^^^^^^
   |                      |
   |                      cannot move out of here
   |                      move occurs because `cases[_]` has type `Point`, which does not implement the `Copy` trait
   |
note: if `Point` implemented `Clone`, you could clone the value
  --> D:\code\rscode\C_Rust_BETA\temp_main.rs:1:1
   |
1  | struct Point {
   | ^^^^^^^^^^^^ consider implementing `Clone` for this type
...
63 |         find_circles(cases[2 * i], cases[2 * i + 1], radii[i]);
   |                      ------------ you could clone this value

error[E0508]: cannot move out of type `[Point; 10]`, a non-copy array
  --> D:\code\rscode\C_Rust_BETA\temp_main.rs:63:36
   |
63 |         find_circles(cases[2 * i], cases[2 * i + 1], radii[i]);
   |                                    ^^^^^^^^^^^^^^^^
   |                                    |
   |                                    cannot move out of here
   |                                    move occurs because `cases[_]` has type `Point`, which does not implement the `Copy` trait
   |
note: if `Point` implemented `Clone`, you could clone the value
  --> D:\code\rscode\C_Rust_BETA\temp_main.rs:1:1
   |
1  | struct Point {
   | ^^^^^^^^^^^^ consider implementing `Clone` for this type
...
63 |         find_circles(cases[2 * i], cases[2 * i + 1], radii[i]);
   |                                    ---------------- you could clone this value

error: aborting due to 4 previous errors

Some errors have detailed explanations: E0382, E0508.
For more information about an error, try `rustc --explain E0382`.
