Rust 编译失败:
error[E0404]: expected trait, found struct `Stream`
 --> D:\code\rscode\C_Rust_BETA\temp_main.rs:4:22
  |
4 |     get: fn(&mut dyn Stream) -> i32,
  |                      ^^^^^^ not a trait

error[E0404]: expected trait, found struct `Stream`
 --> D:\code\rscode\C_Rust_BETA\temp_main.rs:5:22
  |
5 |     put: fn(&mut dyn Stream, i32) -> i32,
  |                      ^^^^^^ not a trait

error[E0404]: expected trait, found struct `Stream`
 --> D:\code\rscode\C_Rust_BETA\temp_main.rs:9:22
  |
9 |     get: fn(&mut dyn Stream) -> i32,
  |                      ^^^^^^ not a trait

error[E0404]: expected trait, found struct `Stream`
  --> D:\code\rscode\C_Rust_BETA\temp_main.rs:10:22
   |
10 |     put: fn(&mut dyn Stream, i32) -> i32,
   |                      ^^^^^^ not a trait

error[E0404]: expected trait, found struct `Stream`
  --> D:\code\rscode\C_Rust_BETA\temp_main.rs:16:22
   |
16 |     get: fn(&mut dyn Stream) -> i32,
   |                      ^^^^^^ not a trait

error[E0404]: expected trait, found struct `Stream`
  --> D:\code\rscode\C_Rust_BETA\temp_main.rs:17:22
   |
17 |     put: fn(&mut dyn Stream, i32) -> i32,
   |                      ^^^^^^ not a trait

error[E0404]: expected trait, found struct `Stream`
  --> D:\code\rscode\C_Rust_BETA\temp_main.rs:21:6
   |
21 | impl Stream for StringStream {
   |      ^^^^^^ not a trait

error[E0404]: expected trait, found struct `Stream`
  --> D:\code\rscode\C_Rust_BETA\temp_main.rs:23:55
   |
23 |         let s = self as *mut StringStream as *mut dyn Stream;
   |                                                       ^^^^^^ not a trait

error[E0404]: expected trait, found struct `Stream`
  --> D:\code\rscode\C_Rust_BETA\temp_main.rs:28:55
   |
28 |         let s = self as *mut StringStream as *mut dyn Stream;
   |                                                       ^^^^^^ not a trait

error[E0404]: expected trait, found struct `Stream`
  --> D:\code\rscode\C_Rust_BETA\temp_main.rs:33:6
   |
33 | impl Stream for FileStream {
   |      ^^^^^^ not a trait

error[E0404]: expected trait, found struct `Stream`
  --> D:\code\rscode\C_Rust_BETA\temp_main.rs:35:53
   |
35 |         let s = self as *mut FileStream as *mut dyn Stream;
   |                                                     ^^^^^^ not a trait

error[E0404]: expected trait, found struct `Stream`
  --> D:\code\rscode\C_Rust_BETA\temp_main.rs:40:53
   |
40 |         let s = self as *mut FileStream as *mut dyn Stream;
   |                                                     ^^^^^^ not a trait

error[E0404]: expected trait, found struct `Stream`
  --> D:\code\rscode\C_Rust_BETA\temp_main.rs:45:29
   |
45 | fn sget(in_stream: &mut dyn Stream) -> i32 {
   |                             ^^^^^^ not a trait

error[E0404]: expected trait, found struct `Stream`
  --> D:\code\rscode\C_Rust_BETA\temp_main.rs:46:35
   |
46 |     let s = in_stream as *mut dyn Stream as *mut StringStream;
   |                                   ^^^^^^ not a trait

error[E0404]: expected trait, found struct `Stream`
  --> D:\code\rscode\C_Rust_BETA\temp_main.rs:56:30
   |
56 | fn sput(out_stream: &mut dyn Stream, c: i32) -> i32 {
   |                              ^^^^^^ not a trait

error[E0404]: expected trait, found struct `Stream`
  --> D:\code\rscode\C_Rust_BETA\temp_main.rs:57:36
   |
57 |     let s = out_stream as *mut dyn Stream as *mut StringStream;
   |                                    ^^^^^^ not a trait

error[E0404]: expected trait, found struct `Stream`
  --> D:\code\rscode\C_Rust_BETA\temp_main.rs:69:34
   |
69 | fn file_put(out_stream: &mut dyn Stream, c: i32) -> i32 {
   |                                  ^^^^^^ not a trait

error[E0404]: expected trait, found struct `Stream`
  --> D:\code\rscode\C_Rust_BETA\temp_main.rs:70:36
   |
70 |     let s = out_stream as *mut dyn Stream as *mut FileStream;
   |                                    ^^^^^^ not a trait

error[E0404]: expected trait, found struct `Stream`
  --> D:\code\rscode\C_Rust_BETA\temp_main.rs:77:25
   |
77 | fn output(out: &mut dyn Stream, buf: &[u8], len: usize) {
   |                         ^^^^^^ not a trait

error[E0404]: expected trait, found struct `Stream`
  --> D:\code\rscode\C_Rust_BETA\temp_main.rs:84:31
   |
84 | fn encode(in_stream: &mut dyn Stream, out_stream: &mut dyn Stream) {
   |                               ^^^^^^ not a trait

error[E0404]: expected trait, found struct `Stream`
  --> D:\code\rscode\C_Rust_BETA\temp_main.rs:84:60
   |
84 | fn encode(in_stream: &mut dyn Stream, out_stream: &mut dyn Stream) {
   |                                                            ^^^^^^ not a trait

error[E0404]: expected trait, found struct `Stream`
   --> D:\code\rscode\C_Rust_BETA\temp_main.rs:132:31
    |
132 | fn decode(in_stream: &mut dyn Stream, out_stream: &mut dyn Stream) {
    |                               ^^^^^^ not a trait

error[E0404]: expected trait, found struct `Stream`
   --> D:\code\rscode\C_Rust_BETA\temp_main.rs:132:60
    |
132 | fn decode(in_stream: &mut dyn Stream, out_stream: &mut dyn Stream) {
    |                                                            ^^^^^^ not a trait

error[E0404]: expected trait, found struct `Stream`
   --> D:\code\rscode\C_Rust_BETA\temp_main.rs:173:36
    |
173 |     encode(&mut str_in as &mut dyn Stream, &mut str_out as &mut dyn Stream);
    |                                    ^^^^^^ not a trait

error[E0404]: expected trait, found struct `Stream`
   --> D:\code\rscode\C_Rust_BETA\temp_main.rs:173:69
    |
173 |     encode(&mut str_in as &mut dyn Stream, &mut str_out as &mut dyn Stream);
    |                                                                     ^^^^^^ not a trait

error[E0404]: expected trait, found struct `Stream`
   --> D:\code\rscode\C_Rust_BETA\temp_main.rs:174:37
    |
174 |     decode(&mut str_out as &mut dyn Stream, &mut file as &mut dyn Stream);
    |                                     ^^^^^^ not a trait

error[E0404]: expected trait, found struct `Stream`
   --> D:\code\rscode\C_Rust_BETA\temp_main.rs:174:67
    |
174 |     decode(&mut str_out as &mut dyn Stream, &mut file as &mut dyn Stream);
    |                                                                   ^^^^^^ not a trait

warning: unnecessary parentheses around assigned value
  --> D:\code\rscode\C_Rust_BETA\temp_main.rs:93:15
   |
93 |         end = ((get)(in_stream) == -1);
   |               ^                      ^
   |
   = note: `#[warn(unused_parens)]` on by default
help: remove these parentheses
   |
93 -         end = ((get)(in_stream) == -1);
93 +         end = (get)(in_stream) == -1;
   |

error: aborting due to 27 previous errors; 1 warning emitted

For more information about this error, try `rustc --explain E0404`.
