Rust 编译失败:
error[E0425]: cannot find value `MAXBITSPERCODE` in this scope
   --> D:\code\rscode\C_Rust_BETA\temp_main.rs:150:40
    |
150 |             let mut strbit = vec![0u8; MAXBITSPERCODE];
    |                                        ^^^^^^^^^^^^^^ not found in this scope

warning: unused import: `std::mem`
 --> D:\code\rscode\C_Rust_BETA\temp_main.rs:1:5
  |
1 | use std::mem;
  |     ^^^^^^^^
  |
  = note: `#[warn(unused_imports)]` on by default

error[E0277]: the trait bound `Box<Huffcode>: Clone` is not satisfied
    --> D:\code\rscode\C_Rust_BETA\temp_main.rs:73:26
     |
73   |     let mut codes = vec![None; BYTES];
     |                     -----^^^^--------
     |                     |    |
     |                     |    the trait `Clone` is not implemented for `Box<Huffcode>`
     |                     required by a bound introduced by this call
     |
     = note: required for `Box<Huffcode>` to implement `Clone`
     = note: 1 redundant requirement hidden
     = note: required for `Option<Box<Huffcode>>` to implement `Clone`
note: required by a bound in `from_elem`
    --> C:\Users\wang\.rustup\toolchains\stable-x86_64-pc-windows-msvc\lib/rustlib/src/rust\library\alloc\src\vec\mod.rs:2736:21
     |
2736 | pub fn from_elem<T: Clone>(elem: T, n: usize) -> Vec<T> {
     |                     ^^^^^ required by this bound in `from_elem`
help: consider borrowing here
     |
73   |     let mut codes = vec![&None; BYTES];
     |                          +

error: aborting due to 2 previous errors; 1 warning emitted

Some errors have detailed explanations: E0277, E0425.
For more information about an error, try `rustc --explain E0277`.
